<?xml version="1.0" encoding="UTF-8"?>
<!-- Generated by org.testng.reporters.JUnitReportReporter -->
<testsuite hostname="DESKTOP-C8IENHF" failures="0" tests="1" name="homeSectionTestCases.Checking_collection_link" time="37.530" errors="0" timestamp="2022-09-20T19:49:31 IST" skipped="0">
  <testcase classname="homeSectionTestCases.Checking_collection_link" name="Checking_collection_link_Test" time="37.530"/>
  <system-out/>
</testsuite> <!-- homeSectionTestCases.Checking_collection_link -->
