<?xml version="1.0" encoding="UTF-8"?>
<!-- Generated by org.testng.reporters.JUnitReportReporter -->
<testsuite hostname="DESKTOP-C8IENHF" failures="0" tests="1" name="headerSectionTestCases.Check_Eight_shape_of_all_rugs" time="30.929" errors="0" timestamp="2022-09-20T19:49:31 IST" skipped="0">
  <testcase classname="headerSectionTestCases.Check_Eight_shape_of_all_rugs" name="Check_Eight_shape_of_all_rugs_Test" time="30.929"/>
  <system-out/>
</testsuite> <!-- headerSectionTestCases.Check_Eight_shape_of_all_rugs -->
