<?xml version="1.0" encoding="UTF-8"?>
<!-- Generated by org.testng.reporters.JUnitReportReporter -->
<testsuite hostname="DESKTOP-C8IENHF" failures="0" tests="1" name="shoppingCardSectionTestCases.Shopping_Cart_Page_Testing" time="27.400" errors="0" timestamp="2022-09-20T19:49:31 IST" skipped="0">
  <testcase classname="shoppingCardSectionTestCases.Shopping_Cart_Page_Testing" name="Shopping_Cart_Page_Testing_Test" time="27.400"/>
  <system-out/>
</testsuite> <!-- shoppingCardSectionTestCases.Shopping_Cart_Page_Testing -->
