<?xml version="1.0" encoding="UTF-8"?>
<!-- Generated by org.testng.reporters.JUnitReportReporter -->
<testsuite hostname="DESKTOP-C8IENHF" failures="0" tests="1" name="checkOutPageSectionTestCases.Checkout_page_Phone_number" time="101.711" errors="0" timestamp="2022-09-20T19:49:31 IST" skipped="0">
  <testcase classname="checkOutPageSectionTestCases.Checkout_page_Phone_number" name="Check_And_Verify_To_Pass_Data_In_Phone_Number_Textbox_Checkout_page_Phone_number_Test" time="101.711"/>
  <system-out/>
</testsuite> <!-- checkOutPageSectionTestCases.Checkout_page_Phone_number -->
