<?xml version="1.0" encoding="UTF-8"?>
<!-- Generated by org.testng.reporters.JUnitReportReporter -->
<testsuite hostname="DESKTOP-C8IENHF" failures="0" tests="1" name="headerSectionTestCases.Check_Chic_Link_Of_Rug_Style_and_Click_All_Shapes_of_Borders_Rugs" time="27.386" errors="0" timestamp="2022-09-20T19:49:31 IST" skipped="0">
  <testcase classname="headerSectionTestCases.Check_Chic_Link_Of_Rug_Style_and_Click_All_Shapes_of_Borders_Rugs" name="Check_Chic_Link_Of_Rug_Style_and_Click_All_Shapes_of_Borders_Rugs_Test" time="27.386"/>
  <system-out/>
</testsuite> <!-- headerSectionTestCases.Check_Chic_Link_Of_Rug_Style_and_Click_All_Shapes_of_Borders_Rugs -->
