<?xml version="1.0" encoding="UTF-8"?>
<!-- Generated by org.testng.reporters.JUnitReportReporter -->
<testsuite hostname="DESKTOP-C8IENHF" failures="0" tests="1" name="headerSectionTestCases.Check_Geometric_Link_Of_Rug_Style_and_Click_All_Shapes_of_Geometric_Rugs" time="24.794" errors="0" timestamp="2022-09-20T19:49:31 IST" skipped="0">
  <testcase classname="headerSectionTestCases.Check_Geometric_Link_Of_Rug_Style_and_Click_All_Shapes_of_Geometric_Rugs" name="Check_Geometric_Link_Of_Rug_Style_and_Click_All_Shapes_of_Geometric_Rugs_Test" time="24.794"/>
  <system-out/>
</testsuite> <!-- headerSectionTestCases.Check_Geometric_Link_Of_Rug_Style_and_Click_All_Shapes_of_Geometric_Rugs -->
