<?xml version="1.0" encoding="UTF-8"?>
<!-- Generated by org.testng.reporters.JUnitReportReporter -->
<testsuite hostname="DESKTOP-C8IENHF" failures="0" tests="1" name="collectionSectionTestCases.Mouse_over_on_collection_link" time="47.819" errors="0" timestamp="2022-09-20T19:49:31 IST" skipped="0">
  <testcase classname="collectionSectionTestCases.Mouse_over_on_collection_link" name="Test_mouse_over_on_collection_link_and_check_all_collection_is_showing_or_not" time="47.819"/>
  <system-out/>
</testsuite> <!-- collectionSectionTestCases.Mouse_over_on_collection_link -->
