<?xml version="1.0" encoding="UTF-8"?>
<!-- Generated by org.testng.reporters.JUnitReportReporter -->
<testsuite hostname="DESKTOP-C8IENHF" failures="0" tests="1" name="headerSectionTestCases.Check_Distressed_Link_Of_Rug_Style_and_Click_All_Shapes_of_Distressed_Rugs" time="31.538" errors="0" timestamp="2022-09-20T19:49:31 IST" skipped="0">
  <testcase classname="headerSectionTestCases.Check_Distressed_Link_Of_Rug_Style_and_Click_All_Shapes_of_Distressed_Rugs" name="Check_Distressed_Link_Of_Rug_Style_and_Click_All_Shapes_of_Distressed_Rugs_Test" time="31.538"/>
  <system-out/>
</testsuite> <!-- headerSectionTestCases.Check_Distressed_Link_Of_Rug_Style_and_Click_All_Shapes_of_Distressed_Rugs -->
