<?xml version="1.0" encoding="UTF-8"?>
<!-- Generated by org.testng.reporters.JUnitReportReporter -->
<testsuite hostname="DESKTOP-C8IENHF" failures="0" tests="1" name="wishListSectionTestCases.Checking_wishlist" time="47.412" errors="0" timestamp="2022-09-20T19:49:31 IST" skipped="0">
  <testcase classname="wishListSectionTestCases.Checking_wishlist" name="Select_Any_Product_Save_Add_Into_WishList_Bucket_Checking_wishlist_Test" time="47.412"/>
  <system-out/>
</testsuite> <!-- wishListSectionTestCases.Checking_wishlist -->
