<?xml version="1.0" encoding="UTF-8"?>
<!-- Generated by org.testng.reporters.JUnitReportReporter -->
<testsuite hostname="DESKTOP-C8IENHF" failures="0" tests="1" name="headerSectionTestCases.Check_Floral_pattern_link_and_click_all_shapes_of_Floral_pattern_rug_showing" time="28.638" errors="0" timestamp="2022-09-20T19:49:31 IST" skipped="0">
  <testcase classname="headerSectionTestCases.Check_Floral_pattern_link_and_click_all_shapes_of_Floral_pattern_rug_showing" name="Check_Floral_pattern_link_and_click_all_shapes_of_Floral_pattern_rug_showing_Test" time="28.638"/>
  <system-out/>
</testsuite> <!-- headerSectionTestCases.Check_Floral_pattern_link_and_click_all_shapes_of_Floral_pattern_rug_showing -->
