<?xml version="1.0" encoding="UTF-8"?>
<!-- Generated by org.testng.reporters.JUnitReportReporter -->
<testsuite hostname="DESKTOP-C8IENHF" failures="0" tests="1" name="headerSectionTestCases.Check_contact_link_it_working_and_showing_contact_form" time="23.303" errors="0" timestamp="2022-09-20T19:49:31 IST" skipped="0">
  <testcase classname="headerSectionTestCases.Check_contact_link_it_working_and_showing_contact_form" name="Check_contact_link_it_working_and_showing_contact_form_Test" time="23.303"/>
  <system-out/>
</testsuite> <!-- headerSectionTestCases.Check_contact_link_it_working_and_showing_contact_form -->
