<?xml version="1.0" encoding="UTF-8"?>
<!-- Generated by org.testng.reporters.JUnitReportReporter -->
<testsuite hostname="DESKTOP-C8IENHF" failures="0" tests="1" name="headerSectionTestCases.Click_on_Trade_link_and_pass_all_data_and_verify_all_textbox" time="25.560" errors="0" timestamp="2022-09-20T19:49:31 IST" skipped="0">
  <testcase classname="headerSectionTestCases.Click_on_Trade_link_and_pass_all_data_and_verify_all_textbox" name="Click_on_Trade_link_and_pass_all_data_and_verify_all_textbox_Test" time="25.560"/>
  <system-out/>
</testsuite> <!-- headerSectionTestCases.Click_on_Trade_link_and_pass_all_data_and_verify_all_textbox -->
