<?xml version="1.0" encoding="UTF-8"?>
<!-- Generated by org.testng.reporters.JUnitReportReporter -->
<testsuite hostname="DESKTOP-C8IENHF" failures="0" tests="1" name="footerSectionTestCases.Check_all_guides_link_related_to_this_link" time="116.813" errors="0" timestamp="2022-09-20T19:49:31 IST" skipped="0">
  <testcase classname="footerSectionTestCases.Check_all_guides_link_related_to_this_link" name="check_All_guides_links_related_to_this_module" time="116.813"/>
  <system-out/>
</testsuite> <!-- footerSectionTestCases.Check_all_guides_link_related_to_this_link -->
