<?xml version="1.0" encoding="UTF-8"?>
<!-- Generated by org.testng.reporters.JUnitReportReporter -->
<testsuite hostname="DESKTOP-C8IENHF" failures="0" tests="1" name="homeSectionTestCases.Check_all_trending_shape_rug" time="78.762" errors="0" timestamp="2022-09-20T19:49:31 IST" skipped="0">
  <testcase classname="homeSectionTestCases.Check_all_trending_shape_rug" name="Check_all_trending_shape_rug_Test" time="78.762"/>
  <system-out/>
</testsuite> <!-- homeSectionTestCases.Check_all_trending_shape_rug -->
