<?xml version="1.0" encoding="UTF-8"?>
<!-- Generated by org.testng.reporters.JUnitReportReporter -->
<testsuite hostname="DESKTOP-C8IENHF" failures="0" tests="1" name="shoppingCardSectionTestCases.Empty_cart_testing" time="46.653" errors="0" timestamp="2022-09-20T19:49:31 IST" skipped="0">
  <testcase classname="shoppingCardSectionTestCases.Empty_cart_testing" name="Verify_And_Validate_Cart_To_Check_It_With_Emtiness_Empty_cart_testing_Test" time="46.653"/>
  <system-out/>
</testsuite> <!-- shoppingCardSectionTestCases.Empty_cart_testing -->
