<?xml version="1.0" encoding="UTF-8"?>
<!-- Generated by org.testng.reporters.JUnitReportReporter -->
<testsuite hostname="DESKTOP-C8IENHF" failures="0" tests="1" name="checkOutPageSectionTestCases.Checkout_page_Tabbing_order" time="74.173" errors="0" timestamp="2022-09-20T19:49:31 IST" skipped="0">
  <testcase classname="checkOutPageSectionTestCases.Checkout_page_Tabbing_order" name="Tabb_All_Field_One_By_One_In_Checkout_page_Tabbing_order_Test" time="74.173"/>
  <system-out/>
</testsuite> <!-- checkOutPageSectionTestCases.Checkout_page_Tabbing_order -->
