<?xml version="1.0" encoding="UTF-8"?>
<!-- Generated by org.testng.reporters.JUnitReportReporter -->
<testsuite hostname="DESKTOP-C8IENHF" failures="0" tests="1" name="collectionSectionTestCases.Click_Collection_Link" time="31.942" errors="0" timestamp="2022-09-20T19:49:31 IST" skipped="0">
  <testcase classname="collectionSectionTestCases.Click_Collection_Link" name="click_on_collection_link" time="31.942"/>
  <system-out/>
</testsuite> <!-- collectionSectionTestCases.Click_Collection_Link -->
