<?xml version="1.0" encoding="UTF-8"?>
<!-- Generated by org.testng.reporters.JUnitReportReporter -->
<testsuite hostname="DESKTOP-C8IENHF" failures="0" tests="1" name="footerSectionTestCases.Check_address_link" time="47.905" errors="0" timestamp="2022-09-20T19:49:31 IST" skipped="0">
  <testcase classname="footerSectionTestCases.Check_address_link" name="verify_whether_address_link_showing_Test" time="47.905"/>
  <system-out/>
</testsuite> <!-- footerSectionTestCases.Check_address_link -->
