<?xml version="1.0" encoding="UTF-8"?>
<!-- Generated by org.testng.reporters.JUnitReportReporter -->
<testsuite hostname="DESKTOP-C8IENHF" failures="0" tests="1" name="checkOutPageSectionTestCases.Checkout_page_First_Name" time="118.963" errors="0" timestamp="2022-09-20T19:49:31 IST" skipped="0">
  <testcase classname="checkOutPageSectionTestCases.Checkout_page_First_Name" name="Check_First__Name_Textbox_Field_Where_We_Pass_Valid_and_Invalid_Data_Checkout_page_First_Name_Test" time="118.963"/>
  <system-out/>
</testsuite> <!-- checkOutPageSectionTestCases.Checkout_page_First_Name -->
